[4.246s] DEBUG:colcon:Command line arguments: ['/usr/bin/colcon', 'build']
[4.246s] DEBUG:colcon:Parsed command line arguments: Namespace(log_base=None, log_level=None, verb_name='build', build_base='build', install_base='install', merge_install=False, symlink_install=False, test_result_base=None, continue_on_error=False, executor='parallel', parallel_workers=4, event_handlers=None, ignore_user_meta=False, metas=['./colcon.meta'], base_paths=['.'], packages_ignore=None, packages_ignore_regex=None, paths=None, packages_up_to=None, packages_up_to_regex=None, packages_above=None, packages_above_and_dependencies=None, packages_above_depth=None, packages_select_by_dep=None, packages_skip_by_dep=None, packages_skip_up_to=None, packages_select_build_failed=False, packages_skip_build_finished=False, packages_select_test_failures=False, packages_skip_test_passed=False, packages_select=None, packages_skip=None, packages_select_regex=None, packages_skip_regex=None, packages_start=None, packages_end=None, allow_overriding=[], cmake_args=None, cmake_target=None, cmake_target_skip_unavailable=False, cmake_clean_cache=False, cmake_clean_first=False, cmake_force_configure=False, ament_cmake_args=None, catkin_cmake_args=None, catkin_skip_building_tests=False, verb_parser=<colcon_defaults.argument_parser.defaults.DefaultArgumentsDecorator object at 0x7f20d1459870>, verb_extension=<colcon_core.verb.build.BuildVerb object at 0x7f20d14591b0>, main=<bound method BuildVerb.main of <colcon_core.verb.build.BuildVerb object at 0x7f20d14591b0>>)
[4.501s] Level 1:colcon.colcon_core.package_discovery:discover_packages(colcon_meta) check parameters
[4.501s] Level 1:colcon.colcon_core.package_discovery:discover_packages(recursive) check parameters
[4.501s] Level 1:colcon.colcon_core.package_discovery:discover_packages(ignore) check parameters
[4.501s] Level 1:colcon.colcon_core.package_discovery:discover_packages(path) check parameters
[4.501s] Level 1:colcon.colcon_core.package_discovery:discover_packages(colcon_meta) discover
[4.501s] Level 1:colcon.colcon_core.package_discovery:discover_packages(recursive) discover
[4.502s] INFO:colcon.colcon_core.package_discovery:Crawling recursively for packages in '/home/netweaver/workspace'
[4.502s] Level 1:colcon.colcon_core.package_identification:_identify(.) by extensions ['ignore', 'ignore_ament_install']
[4.502s] Level 1:colcon.colcon_core.package_identification:_identify(.) by extension 'ignore'
[4.502s] Level 1:colcon.colcon_core.package_identification:_identify(.) by extension 'ignore_ament_install'
[4.502s] Level 1:colcon.colcon_core.package_identification:_identify(.) by extensions ['colcon_pkg']
[4.502s] Level 1:colcon.colcon_core.package_identification:_identify(.) by extension 'colcon_pkg'
[4.503s] Level 1:colcon.colcon_core.package_identification:_identify(.) by extensions ['colcon_meta']
[4.503s] Level 1:colcon.colcon_core.package_identification:_identify(.) by extension 'colcon_meta'
[4.503s] Level 1:colcon.colcon_core.package_identification:_identify(.) by extensions ['ros']
[4.503s] Level 1:colcon.colcon_core.package_identification:_identify(.) by extension 'ros'
[4.550s] Level 1:colcon.colcon_core.package_identification:_identify(.) by extensions ['cmake', 'python']
[4.550s] Level 1:colcon.colcon_core.package_identification:_identify(.) by extension 'cmake'
[4.550s] Level 1:colcon.colcon_core.package_identification:_identify(.) by extension 'python'
[4.550s] Level 1:colcon.colcon_core.package_identification:_identify(.) by extensions ['python_setup_py']
[4.550s] Level 1:colcon.colcon_core.package_identification:_identify(.) by extension 'python_setup_py'
[4.551s] Level 1:colcon.colcon_core.package_identification:_identify(build) by extensions ['ignore', 'ignore_ament_install']
[4.551s] Level 1:colcon.colcon_core.package_identification:_identify(build) by extension 'ignore'
[4.551s] Level 1:colcon.colcon_core.package_identification:_identify(build) ignored
[4.551s] Level 1:colcon.colcon_core.package_identification:_identify(install) by extensions ['ignore', 'ignore_ament_install']
[4.552s] Level 1:colcon.colcon_core.package_identification:_identify(install) by extension 'ignore'
[4.552s] Level 1:colcon.colcon_core.package_identification:_identify(install) ignored
[4.552s] Level 1:colcon.colcon_core.package_identification:_identify(log) by extensions ['ignore', 'ignore_ament_install']
[4.552s] Level 1:colcon.colcon_core.package_identification:_identify(log) by extension 'ignore'
[4.552s] Level 1:colcon.colcon_core.package_identification:_identify(log) ignored
[4.552s] Level 1:colcon.colcon_core.package_identification:_identify(src) by extensions ['ignore', 'ignore_ament_install']
[4.553s] Level 1:colcon.colcon_core.package_identification:_identify(src) by extension 'ignore'
[4.553s] Level 1:colcon.colcon_core.package_identification:_identify(src) by extension 'ignore_ament_install'
[4.553s] Level 1:colcon.colcon_core.package_identification:_identify(src) by extensions ['colcon_pkg']
[4.553s] Level 1:colcon.colcon_core.package_identification:_identify(src) by extension 'colcon_pkg'
[4.553s] Level 1:colcon.colcon_core.package_identification:_identify(src) by extensions ['colcon_meta']
[4.553s] Level 1:colcon.colcon_core.package_identification:_identify(src) by extension 'colcon_meta'
[4.553s] Level 1:colcon.colcon_core.package_identification:_identify(src) by extensions ['ros']
[4.553s] Level 1:colcon.colcon_core.package_identification:_identify(src) by extension 'ros'
[4.554s] Level 1:colcon.colcon_core.package_identification:_identify(src) by extensions ['cmake', 'python']
[4.554s] Level 1:colcon.colcon_core.package_identification:_identify(src) by extension 'cmake'
[4.554s] Level 1:colcon.colcon_core.package_identification:_identify(src) by extension 'python'
[4.554s] Level 1:colcon.colcon_core.package_identification:_identify(src) by extensions ['python_setup_py']
[4.554s] Level 1:colcon.colcon_core.package_identification:_identify(src) by extension 'python_setup_py'
[4.554s] Level 1:colcon.colcon_core.package_discovery:discover_packages(recursive) using defaults
[4.554s] Level 1:colcon.colcon_core.package_discovery:discover_packages(ignore) discover
[4.554s] Level 1:colcon.colcon_core.package_discovery:discover_packages(ignore) using defaults
[4.555s] Level 1:colcon.colcon_core.package_discovery:discover_packages(path) discover
[4.555s] Level 1:colcon.colcon_core.package_discovery:discover_packages(path) using defaults
[4.902s] Level 1:colcon.colcon_core.package_discovery:discover_packages(prefix_path) check parameters
[4.902s] Level 1:colcon.colcon_core.package_discovery:discover_packages(prefix_path) discover
[5.020s] DEBUG:colcon.colcon_installed_package_information.package_discovery:Found 281 installed packages in /opt/ros/iron
[5.025s] Level 1:colcon.colcon_core.package_discovery:discover_packages(prefix_path) using defaults
[5.269s] INFO:colcon.colcon_core.executor:Executing jobs using 'parallel' executor
[5.324s] DEBUG:colcon.colcon_parallel_executor.executor.parallel:run_until_complete
[5.324s] DEBUG:colcon.colcon_parallel_executor.executor.parallel:closing loop
[5.325s] DEBUG:colcon.colcon_parallel_executor.executor.parallel:loop closed
[5.325s] DEBUG:colcon.colcon_parallel_executor.executor.parallel:run_until_complete finished with '0'
[5.325s] DEBUG:colcon.colcon_core.event_reactor:joining thread
[5.418s] INFO:colcon.colcon_core.plugin_system:Skipping extension 'colcon_notification.desktop_notification.terminal_notifier': Not used on non-Darwin systems
[5.418s] INFO:colcon.colcon_core.plugin_system:Skipping extension 'colcon_notification.desktop_notification.win32': Not used on non-Windows systems
[5.419s] INFO:colcon.colcon_notification.desktop_notification:Sending desktop notification using 'notify2'
[5.457s] DEBUG:colcon.colcon_core.event_reactor:joined thread
[5.527s] INFO:colcon.colcon_core.plugin_system:Skipping extension 'colcon_core.shell.bat': Not used on non-Windows systems
[5.528s] INFO:colcon.colcon_core.shell:Creating prefix script '/home/netweaver/workspace/install/local_setup.ps1'
[5.532s] INFO:colcon.colcon_core.shell:Creating prefix util module '/home/netweaver/workspace/install/_local_setup_util_ps1.py'
[5.536s] INFO:colcon.colcon_core.shell:Creating prefix chain script '/home/netweaver/workspace/install/setup.ps1'
[5.623s] INFO:colcon.colcon_core.shell:Creating prefix script '/home/netweaver/workspace/install/local_setup.sh'
[5.625s] INFO:colcon.colcon_core.shell:Creating prefix util module '/home/netweaver/workspace/install/_local_setup_util_sh.py'
[5.626s] INFO:colcon.colcon_core.shell:Creating prefix chain script '/home/netweaver/workspace/install/setup.sh'
[5.682s] INFO:colcon.colcon_core.shell:Creating prefix script '/home/netweaver/workspace/install/local_setup.bash'
[5.684s] INFO:colcon.colcon_core.shell:Creating prefix chain script '/home/netweaver/workspace/install/setup.bash'
[5.740s] INFO:colcon.colcon_core.shell:Creating prefix script '/home/netweaver/workspace/install/local_setup.zsh'
[5.742s] INFO:colcon.colcon_core.shell:Creating prefix chain script '/home/netweaver/workspace/install/setup.zsh'
