[2.932s] Invoking command in '/home/netweaver/workspace/src/first_package': PYTHONPATH=/home/netweaver/workspace/build/first_package/prefix_override:/home/netweaver/workspace/install/first_package/lib/python3.10/site-packages:${PYTHONPATH} /usr/bin/python3 setup.py egg_info --egg-base ../../build/first_package build --build-base /home/netweaver/workspace/build/first_package/build install --record /home/netweaver/workspace/build/first_package/install.log --single-version-externally-managed
[3.672s] running egg_info
[3.672s] creating ../../build/first_package/first_package.egg-info
[3.726s] writing ../../build/first_package/first_package.egg-info/PKG-INFO
[3.727s] writing dependency_links to ../../build/first_package/first_package.egg-info/dependency_links.txt
[3.728s] writing entry points to ../../build/first_package/first_package.egg-info/entry_points.txt
[3.729s] writing requirements to ../../build/first_package/first_package.egg-info/requires.txt
[3.729s] writing top-level names to ../../build/first_package/first_package.egg-info/top_level.txt
[3.729s] writing manifest file '../../build/first_package/first_package.egg-info/SOURCES.txt'
[3.845s] reading manifest file '../../build/first_package/first_package.egg-info/SOURCES.txt'
[3.847s] writing manifest file '../../build/first_package/first_package.egg-info/SOURCES.txt'
[3.848s] running build
[3.848s] running build_py
[3.849s] creating /home/netweaver/workspace/build/first_package/build
[3.850s] creating /home/netweaver/workspace/build/first_package/build/lib
[3.850s] creating /home/netweaver/workspace/build/first_package/build/lib/first_package
[3.851s] copying first_package/subscriber.py -> /home/netweaver/workspace/build/first_package/build/lib/first_package
[3.851s] copying first_package/__init__.py -> /home/netweaver/workspace/build/first_package/build/lib/first_package
[3.852s] copying first_package/publisher.py -> /home/netweaver/workspace/build/first_package/build/lib/first_package
[3.853s] running install
[3.853s] /home/netweaver/.local/lib/python3.10/site-packages/setuptools/_distutils/cmd.py:66: SetuptoolsDeprecationWarning: setup.py install is deprecated.
[3.855s] !!
[3.855s] 
[3.856s]         ********************************************************************************
[3.856s]         Please avoid running ``setup.py`` directly.
[3.857s]         Instead, use pypa/build, pypa/installer or other
[3.857s]         standards-based tools.
[3.858s] 
[3.858s]         See https://blog.ganssle.io/articles/2021/10/setup-py-deprecated.html for details.
[3.859s]         ********************************************************************************
[3.859s] 
[3.860s] !!
[3.860s]   self.initialize_options()
[3.874s] running install_lib
[3.929s] creating /home/netweaver/workspace/install/first_package/lib/python3.10/site-packages/first_package
[3.929s] copying /home/netweaver/workspace/build/first_package/build/lib/first_package/subscriber.py -> /home/netweaver/workspace/install/first_package/lib/python3.10/site-packages/first_package
[3.930s] copying /home/netweaver/workspace/build/first_package/build/lib/first_package/__init__.py -> /home/netweaver/workspace/install/first_package/lib/python3.10/site-packages/first_package
[3.930s] copying /home/netweaver/workspace/build/first_package/build/lib/first_package/publisher.py -> /home/netweaver/workspace/install/first_package/lib/python3.10/site-packages/first_package
[3.931s] byte-compiling /home/netweaver/workspace/install/first_package/lib/python3.10/site-packages/first_package/subscriber.py to subscriber.cpython-310.pyc
[3.932s] byte-compiling /home/netweaver/workspace/install/first_package/lib/python3.10/site-packages/first_package/__init__.py to __init__.cpython-310.pyc
[3.933s] byte-compiling /home/netweaver/workspace/install/first_package/lib/python3.10/site-packages/first_package/publisher.py to publisher.cpython-310.pyc
[3.934s] running install_data
[3.993s] creating /home/netweaver/workspace/install/first_package/share/ament_index
[3.993s] creating /home/netweaver/workspace/install/first_package/share/ament_index/resource_index
[3.993s] creating /home/netweaver/workspace/install/first_package/share/ament_index/resource_index/packages
[3.994s] copying resource/first_package -> /home/netweaver/workspace/install/first_package/share/ament_index/resource_index/packages
[3.994s] copying package.xml -> /home/netweaver/workspace/install/first_package/share/first_package
[3.996s] running install_egg_info
[4.053s] Copying ../../build/first_package/first_package.egg-info to /home/netweaver/workspace/install/first_package/lib/python3.10/site-packages/first_package-0.0.0-py3.10.egg-info
[4.056s] running install_scripts
[4.552s] Installing listener script to /home/netweaver/workspace/install/first_package/lib/first_package
[4.552s] Installing talker script to /home/netweaver/workspace/install/first_package/lib/first_package
[4.553s] writing list of installed files to '/home/netweaver/workspace/build/first_package/install.log'
[4.646s] Invoked command in '/home/netweaver/workspace/src/first_package' returned '0': PYTHONPATH=/home/netweaver/workspace/build/first_package/prefix_override:/home/netweaver/workspace/install/first_package/lib/python3.10/site-packages:${PYTHONPATH} /usr/bin/python3 setup.py egg_info --egg-base ../../build/first_package build --build-base /home/netweaver/workspace/build/first_package/build install --record /home/netweaver/workspace/build/first_package/install.log --single-version-externally-managed
