[3.463s] DEBUG:colcon:Command line arguments: ['/usr/bin/colcon', 'build', '--packages-select', 'first_package']
[3.463s] DEBUG:colcon:Parsed command line arguments: Namespace(log_base=None, log_level=None, verb_name='build', build_base='build', install_base='install', merge_install=False, symlink_install=False, test_result_base=None, continue_on_error=False, executor='parallel', parallel_workers=4, event_handlers=None, ignore_user_meta=False, metas=['./colcon.meta'], base_paths=['.'], packages_ignore=None, packages_ignore_regex=None, paths=None, packages_up_to=None, packages_up_to_regex=None, packages_above=None, packages_above_and_dependencies=None, packages_above_depth=None, packages_select_by_dep=None, packages_skip_by_dep=None, packages_skip_up_to=None, packages_select_build_failed=False, packages_skip_build_finished=False, packages_select_test_failures=False, packages_skip_test_passed=False, packages_select=['first_package'], packages_skip=None, packages_select_regex=None, packages_skip_regex=None, packages_start=None, packages_end=None, allow_overriding=[], cmake_args=None, cmake_target=None, cmake_target_skip_unavailable=False, cmake_clean_cache=False, cmake_clean_first=False, cmake_force_configure=False, ament_cmake_args=None, catkin_cmake_args=None, catkin_skip_building_tests=False, verb_parser=<colcon_defaults.argument_parser.defaults.DefaultArgumentsDecorator object at 0x7f9518f29b70>, verb_extension=<colcon_core.verb.build.BuildVerb object at 0x7f9518f294b0>, main=<bound method BuildVerb.main of <colcon_core.verb.build.BuildVerb object at 0x7f9518f294b0>>)
[3.649s] Level 1:colcon.colcon_core.package_discovery:discover_packages(colcon_meta) check parameters
[3.650s] Level 1:colcon.colcon_core.package_discovery:discover_packages(recursive) check parameters
[3.650s] Level 1:colcon.colcon_core.package_discovery:discover_packages(ignore) check parameters
[3.650s] Level 1:colcon.colcon_core.package_discovery:discover_packages(path) check parameters
[3.650s] Level 1:colcon.colcon_core.package_discovery:discover_packages(colcon_meta) discover
[3.650s] Level 1:colcon.colcon_core.package_discovery:discover_packages(recursive) discover
[3.650s] INFO:colcon.colcon_core.package_discovery:Crawling recursively for packages in '/home/netweaver/workspace'
[3.651s] Level 1:colcon.colcon_core.package_identification:_identify(.) by extensions ['ignore', 'ignore_ament_install']
[3.651s] Level 1:colcon.colcon_core.package_identification:_identify(.) by extension 'ignore'
[3.651s] Level 1:colcon.colcon_core.package_identification:_identify(.) by extension 'ignore_ament_install'
[3.651s] Level 1:colcon.colcon_core.package_identification:_identify(.) by extensions ['colcon_pkg']
[3.651s] Level 1:colcon.colcon_core.package_identification:_identify(.) by extension 'colcon_pkg'
[3.652s] Level 1:colcon.colcon_core.package_identification:_identify(.) by extensions ['colcon_meta']
[3.652s] Level 1:colcon.colcon_core.package_identification:_identify(.) by extension 'colcon_meta'
[3.652s] Level 1:colcon.colcon_core.package_identification:_identify(.) by extensions ['ros']
[3.652s] Level 1:colcon.colcon_core.package_identification:_identify(.) by extension 'ros'
[3.696s] Level 1:colcon.colcon_core.package_identification:_identify(.) by extensions ['cmake', 'python']
[3.696s] Level 1:colcon.colcon_core.package_identification:_identify(.) by extension 'cmake'
[3.696s] Level 1:colcon.colcon_core.package_identification:_identify(.) by extension 'python'
[3.696s] Level 1:colcon.colcon_core.package_identification:_identify(.) by extensions ['python_setup_py']
[3.696s] Level 1:colcon.colcon_core.package_identification:_identify(.) by extension 'python_setup_py'
[3.697s] Level 1:colcon.colcon_core.package_identification:_identify(build) by extensions ['ignore', 'ignore_ament_install']
[3.697s] Level 1:colcon.colcon_core.package_identification:_identify(build) by extension 'ignore'
[3.697s] Level 1:colcon.colcon_core.package_identification:_identify(build) ignored
[3.698s] Level 1:colcon.colcon_core.package_identification:_identify(install) by extensions ['ignore', 'ignore_ament_install']
[3.698s] Level 1:colcon.colcon_core.package_identification:_identify(install) by extension 'ignore'
[3.698s] Level 1:colcon.colcon_core.package_identification:_identify(install) ignored
[3.698s] Level 1:colcon.colcon_core.package_identification:_identify(log) by extensions ['ignore', 'ignore_ament_install']
[3.699s] Level 1:colcon.colcon_core.package_identification:_identify(log) by extension 'ignore'
[3.699s] Level 1:colcon.colcon_core.package_identification:_identify(log) ignored
[3.699s] Level 1:colcon.colcon_core.package_identification:_identify(src) by extensions ['ignore', 'ignore_ament_install']
[3.699s] Level 1:colcon.colcon_core.package_identification:_identify(src) by extension 'ignore'
[3.699s] Level 1:colcon.colcon_core.package_identification:_identify(src) by extension 'ignore_ament_install'
[3.699s] Level 1:colcon.colcon_core.package_identification:_identify(src) by extensions ['colcon_pkg']
[3.700s] Level 1:colcon.colcon_core.package_identification:_identify(src) by extension 'colcon_pkg'
[3.700s] Level 1:colcon.colcon_core.package_identification:_identify(src) by extensions ['colcon_meta']
[3.700s] Level 1:colcon.colcon_core.package_identification:_identify(src) by extension 'colcon_meta'
[3.700s] Level 1:colcon.colcon_core.package_identification:_identify(src) by extensions ['ros']
[3.700s] Level 1:colcon.colcon_core.package_identification:_identify(src) by extension 'ros'
[3.700s] Level 1:colcon.colcon_core.package_identification:_identify(src) by extensions ['cmake', 'python']
[3.701s] Level 1:colcon.colcon_core.package_identification:_identify(src) by extension 'cmake'
[3.701s] Level 1:colcon.colcon_core.package_identification:_identify(src) by extension 'python'
[3.701s] Level 1:colcon.colcon_core.package_identification:_identify(src) by extensions ['python_setup_py']
[3.701s] Level 1:colcon.colcon_core.package_identification:_identify(src) by extension 'python_setup_py'
[3.701s] Level 1:colcon.colcon_core.package_identification:_identify(src/first_package) by extensions ['ignore', 'ignore_ament_install']
[3.701s] Level 1:colcon.colcon_core.package_identification:_identify(src/first_package) by extension 'ignore'
[3.702s] Level 1:colcon.colcon_core.package_identification:_identify(src/first_package) by extension 'ignore_ament_install'
[3.702s] Level 1:colcon.colcon_core.package_identification:_identify(src/first_package) by extensions ['colcon_pkg']
[3.702s] Level 1:colcon.colcon_core.package_identification:_identify(src/first_package) by extension 'colcon_pkg'
[3.702s] Level 1:colcon.colcon_core.package_identification:_identify(src/first_package) by extensions ['colcon_meta']
[3.702s] Level 1:colcon.colcon_core.package_identification:_identify(src/first_package) by extension 'colcon_meta'
[3.702s] Level 1:colcon.colcon_core.package_identification:_identify(src/first_package) by extensions ['ros']
[3.702s] Level 1:colcon.colcon_core.package_identification:_identify(src/first_package) by extension 'ros'
[3.709s] DEBUG:colcon.colcon_core.package_identification:Package 'src/first_package' with type 'ros.ament_python' and name 'first_package'
[3.709s] Level 1:colcon.colcon_core.package_discovery:discover_packages(recursive) using defaults
[3.709s] Level 1:colcon.colcon_core.package_discovery:discover_packages(ignore) discover
[3.709s] Level 1:colcon.colcon_core.package_discovery:discover_packages(ignore) using defaults
[3.709s] Level 1:colcon.colcon_core.package_discovery:discover_packages(path) discover
[3.709s] Level 1:colcon.colcon_core.package_discovery:discover_packages(path) using defaults
[4.047s] Level 1:colcon.colcon_core.package_discovery:discover_packages(prefix_path) check parameters
[4.047s] Level 1:colcon.colcon_core.package_discovery:discover_packages(prefix_path) discover
[4.174s] DEBUG:colcon.colcon_installed_package_information.package_discovery:Found 281 installed packages in /opt/ros/iron
[4.181s] Level 1:colcon.colcon_core.package_discovery:discover_packages(prefix_path) using defaults
[4.441s] Level 5:colcon.colcon_core.verb:set package 'first_package' build argument 'cmake_args' from command line to 'None'
[4.441s] Level 5:colcon.colcon_core.verb:set package 'first_package' build argument 'cmake_target' from command line to 'None'
[4.442s] Level 5:colcon.colcon_core.verb:set package 'first_package' build argument 'cmake_target_skip_unavailable' from command line to 'False'
[4.442s] Level 5:colcon.colcon_core.verb:set package 'first_package' build argument 'cmake_clean_cache' from command line to 'False'
[4.442s] Level 5:colcon.colcon_core.verb:set package 'first_package' build argument 'cmake_clean_first' from command line to 'False'
[4.442s] Level 5:colcon.colcon_core.verb:set package 'first_package' build argument 'cmake_force_configure' from command line to 'False'
[4.442s] Level 5:colcon.colcon_core.verb:set package 'first_package' build argument 'ament_cmake_args' from command line to 'None'
[4.442s] Level 5:colcon.colcon_core.verb:set package 'first_package' build argument 'catkin_cmake_args' from command line to 'None'
[4.442s] Level 5:colcon.colcon_core.verb:set package 'first_package' build argument 'catkin_skip_building_tests' from command line to 'False'
[4.442s] DEBUG:colcon.colcon_core.verb:Building package 'first_package' with the following arguments: {'ament_cmake_args': None, 'build_base': '/home/netweaver/workspace/build/first_package', 'catkin_cmake_args': None, 'catkin_skip_building_tests': False, 'cmake_args': None, 'cmake_clean_cache': False, 'cmake_clean_first': False, 'cmake_force_configure': False, 'cmake_target': None, 'cmake_target_skip_unavailable': False, 'install_base': '/home/netweaver/workspace/install/first_package', 'merge_install': False, 'path': '/home/netweaver/workspace/src/first_package', 'symlink_install': False, 'test_result_base': None}
[4.494s] INFO:colcon.colcon_core.executor:Executing jobs using 'parallel' executor
[4.549s] DEBUG:colcon.colcon_parallel_executor.executor.parallel:run_until_complete
[4.549s] INFO:colcon.colcon_ros.task.ament_python.build:Building ROS package in '/home/netweaver/workspace/src/first_package' with build type 'ament_python'
[4.550s] Level 1:colcon.colcon_core.shell:create_environment_hook('first_package', 'ament_prefix_path')
[4.617s] INFO:colcon.colcon_core.plugin_system:Skipping extension 'colcon_core.shell.bat': Not used on non-Windows systems
[4.617s] INFO:colcon.colcon_core.shell:Creating environment hook '/home/netweaver/workspace/install/first_package/share/first_package/hook/ament_prefix_path.ps1'
[4.619s] INFO:colcon.colcon_core.shell:Creating environment descriptor '/home/netweaver/workspace/install/first_package/share/first_package/hook/ament_prefix_path.dsv'
[4.621s] INFO:colcon.colcon_core.shell:Creating environment hook '/home/netweaver/workspace/install/first_package/share/first_package/hook/ament_prefix_path.sh'
[4.709s] INFO:colcon.colcon_core.shell:Skip shell extension 'powershell' for command environment: Not usable outside of PowerShell
[4.709s] DEBUG:colcon.colcon_core.shell:Skip shell extension 'dsv' for command environment
[5.510s] INFO:colcon.colcon_core.task.python.build:Building Python package in '/home/netweaver/workspace/src/first_package'
[5.564s] INFO:colcon.colcon_core.shell:Skip shell extension 'powershell' for command environment: Not usable outside of PowerShell
[5.564s] DEBUG:colcon.colcon_core.shell:Skip shell extension 'dsv' for command environment
[7.483s] DEBUG:colcon.colcon_core.event_handler.log_command:Invoking command in '/home/netweaver/workspace/src/first_package': PYTHONPATH=/home/netweaver/workspace/build/first_package/prefix_override:/home/netweaver/workspace/install/first_package/lib/python3.10/site-packages:${PYTHONPATH} /usr/bin/python3 setup.py egg_info --egg-base ../../build/first_package build --build-base /home/netweaver/workspace/build/first_package/build install --record /home/netweaver/workspace/build/first_package/install.log --single-version-externally-managed
[9.196s] DEBUG:colcon.colcon_core.event_handler.log_command:Invoked command in '/home/netweaver/workspace/src/first_package' returned '0': PYTHONPATH=/home/netweaver/workspace/build/first_package/prefix_override:/home/netweaver/workspace/install/first_package/lib/python3.10/site-packages:${PYTHONPATH} /usr/bin/python3 setup.py egg_info --egg-base ../../build/first_package build --build-base /home/netweaver/workspace/build/first_package/build install --record /home/netweaver/workspace/build/first_package/install.log --single-version-externally-managed
[9.264s] Level 1:colcon.colcon_core.environment:checking '/home/netweaver/workspace/install/first_package' for CMake module files
[9.266s] Level 1:colcon.colcon_core.environment:checking '/home/netweaver/workspace/install/first_package' for CMake config files
[9.268s] Level 1:colcon.colcon_core.environment:checking '/home/netweaver/workspace/install/first_package/lib'
[9.268s] Level 1:colcon.colcon_core.environment:checking '/home/netweaver/workspace/install/first_package/bin'
[9.268s] Level 1:colcon.colcon_core.environment:checking '/home/netweaver/workspace/install/first_package/lib/pkgconfig/first_package.pc'
[9.269s] Level 1:colcon.colcon_core.environment:checking '/home/netweaver/workspace/install/first_package/lib/python3.10/site-packages'
[9.270s] Level 1:colcon.colcon_core.shell:create_environment_hook('first_package', 'pythonpath')
[9.330s] INFO:colcon.colcon_core.shell:Creating environment hook '/home/netweaver/workspace/install/first_package/share/first_package/hook/pythonpath.ps1'
[9.332s] INFO:colcon.colcon_core.shell:Creating environment descriptor '/home/netweaver/workspace/install/first_package/share/first_package/hook/pythonpath.dsv'
[9.333s] INFO:colcon.colcon_core.shell:Creating environment hook '/home/netweaver/workspace/install/first_package/share/first_package/hook/pythonpath.sh'
[9.335s] Level 1:colcon.colcon_core.environment:checking '/home/netweaver/workspace/install/first_package/bin'
[9.335s] Level 1:colcon.colcon_core.environment:create_environment_scripts_only(first_package)
[9.392s] INFO:colcon.colcon_core.shell:Creating package script '/home/netweaver/workspace/install/first_package/share/first_package/package.ps1'
[9.395s] INFO:colcon.colcon_core.shell:Creating package descriptor '/home/netweaver/workspace/install/first_package/share/first_package/package.dsv'
[9.398s] INFO:colcon.colcon_core.shell:Creating package script '/home/netweaver/workspace/install/first_package/share/first_package/package.sh'
[9.401s] INFO:colcon.colcon_core.shell:Creating package script '/home/netweaver/workspace/install/first_package/share/first_package/package.bash'
[9.405s] INFO:colcon.colcon_core.shell:Creating package script '/home/netweaver/workspace/install/first_package/share/first_package/package.zsh'
[9.407s] Level 1:colcon.colcon_core.environment:create_file_with_runtime_dependencies(/home/netweaver/workspace/install/first_package/share/colcon-core/packages/first_package)
[9.409s] DEBUG:colcon.colcon_parallel_executor.executor.parallel:closing loop
[9.410s] DEBUG:colcon.colcon_parallel_executor.executor.parallel:loop closed
[9.410s] DEBUG:colcon.colcon_parallel_executor.executor.parallel:run_until_complete finished with '0'
[9.411s] DEBUG:colcon.colcon_core.event_reactor:joining thread
[9.488s] INFO:colcon.colcon_core.plugin_system:Skipping extension 'colcon_notification.desktop_notification.terminal_notifier': Not used on non-Darwin systems
[9.488s] INFO:colcon.colcon_core.plugin_system:Skipping extension 'colcon_notification.desktop_notification.win32': Not used on non-Windows systems
[9.488s] INFO:colcon.colcon_notification.desktop_notification:Sending desktop notification using 'notify2'
[9.525s] DEBUG:colcon.colcon_core.event_reactor:joined thread
[9.588s] INFO:colcon.colcon_core.shell:Creating prefix script '/home/netweaver/workspace/install/local_setup.ps1'
[9.593s] INFO:colcon.colcon_core.shell:Creating prefix util module '/home/netweaver/workspace/install/_local_setup_util_ps1.py'
[9.598s] INFO:colcon.colcon_core.shell:Creating prefix chain script '/home/netweaver/workspace/install/setup.ps1'
[9.655s] INFO:colcon.colcon_core.shell:Creating prefix script '/home/netweaver/workspace/install/local_setup.sh'
[9.657s] INFO:colcon.colcon_core.shell:Creating prefix util module '/home/netweaver/workspace/install/_local_setup_util_sh.py'
[9.658s] INFO:colcon.colcon_core.shell:Creating prefix chain script '/home/netweaver/workspace/install/setup.sh'
[9.715s] INFO:colcon.colcon_core.shell:Creating prefix script '/home/netweaver/workspace/install/local_setup.bash'
[9.717s] INFO:colcon.colcon_core.shell:Creating prefix chain script '/home/netweaver/workspace/install/setup.bash'
[9.773s] INFO:colcon.colcon_core.shell:Creating prefix script '/home/netweaver/workspace/install/local_setup.zsh'
[9.775s] INFO:colcon.colcon_core.shell:Creating prefix chain script '/home/netweaver/workspace/install/setup.zsh'
